#
# There is insufficient memory for the Java Runtime Environment to continue.
# Native memory allocation (mmap) failed to map 264241152 bytes for Failed to commit area from 0x0000000704200000 to 0x0000000713e00000 of length 264241152.
# Possible reasons:
#   The system is out of physical RAM or swap space
#   The process is running with CompressedOops enabled, and the Java Heap may be blocking the growth of the native heap
# Possible solutions:
#   Reduce memory load on the system
#   Increase physical memory or swap space
#   Check if swap backing store is full
#   Decrease Java heap size (-Xmx/-Xms)
#   Decrease number of Java threads
#   Decrease Java thread stack sizes (-Xss)
#   Set larger code cache with -XX:ReservedCodeCacheSize=
# This output file may be truncated or incomplete.
#
#  Out of Memory Error (./src/hotspot/os/windows/os_windows.cpp:3619), pid=14652, tid=10804
#
# JRE version:  (11.0.13+7) (build )
# Java VM: OpenJDK 64-Bit Server VM (11.0.13+7-b1751.19, mixed mode, sharing, tiered, compressed oops, g1 gc, windows-amd64)
# No core dump will be written. Minidumps are not enabled by default on client versions of Windows
#

---------------  S U M M A R Y ------------

Command Line: git4idea.http.GitAskPassApp Username for 'https://github.com': 

Host: 11th Gen Intel(R) Core(TM) i5-1145G7 @ 2.60GHz, 8 cores, 15G,  Windows 10 , 64 bit Build 19041 (10.0.19041.1348)
Time: Mon Dec  6 22:39:29 2021 Eastern Standard Time elapsed time: 0.009822 seconds (0d 0h 0m 0s)

---------------  T H R E A D  ---------------

Current thread (0x00000229a2a8e800):  JavaThread "Unknown thread" [_thread_in_vm, id=10804, stack(0x0000004974600000,0x0000004974700000)]

Stack: [0x0000004974600000,0x0000004974700000]
Native frames: (J=compiled Java code, j=interpreted, Vv=VM code, C=native code)
V  [jvm.dll+0x613ada]
V  [jvm.dll+0x799a80]
V  [jvm.dll+0x79b09d]
V  [jvm.dll+0x79b773]
V  [jvm.dll+0x24c4c8]
V  [jvm.dll+0x610b64]
V  [jvm.dll+0x605855]
V  [jvm.dll+0x30aaeb]
V  [jvm.dll+0x30aa5a]
V  [jvm.dll+0x30a932]
V  [jvm.dll+0x30f896]
V  [jvm.dll+0x359293]
V  [jvm.dll+0x359996]
V  [jvm.dll+0x359393]
V  [jvm.dll+0x2e5308]
V  [jvm.dll+0x2e64b7]
V  [jvm.dll+0x7769c7]
V  [jvm.dll+0x7781bc]
V  [jvm.dll+0x366829]
V  [jvm.dll+0x75a52e]
V  [jvm.dll+0x3d4923]
V  [jvm.dll+0x3d6e91]
C  [jli.dll+0x536b]
C  [ucrtbase.dll+0x21bb2]
C  [KERNEL32.DLL+0x17034]
C  [ntdll.dll+0x52651]


---------------  P R O C E S S  ---------------

Threads class SMR info:
_java_thread_list=0x00000229a08d25c0, length=0, elements={
}

Java Threads: ( => current thread )

Other Threads:
  0x00000229a2aa5000 GCTaskThread "GC Thread#0" [stack: 0x0000004974700000,0x0000004974800000] [id=25612]
  0x00000229a2b02800 ConcurrentGCThread "G1 Main Marker" [stack: 0x0000004974800000,0x0000004974900000] [id=15468]
  0x00000229a2b05000 ConcurrentGCThread "G1 Conc#0" [stack: 0x0000004974900000,0x0000004974a00000] [id=16432]

[error occurred during error reporting (printing all threads), id 0xc0000005, EXCEPTION_ACCESS_VIOLATION (0xc0000005) at pc=0x00007ffd2a4a5b77]

VM state:not at safepoint (not fully initialized)

VM Mutex/Monitor currently owned by a thread:  ([mutex/lock_event])
[0x00000229a2a89990] Heap_lock - owner thread: 0x00000229a2a8e800

Heap address: 0x0000000704200000, size: 4030 MB, Compressed Oops mode: Non-zero based: 0x0000000704200000
Narrow klass base: 0x0000000000000000, Narrow klass shift: 0

GC Heap History (0 events):
No events

Deoptimization events (0 events):
No events

Classes redefined (0 events):
No events

Internal exceptions (0 events):
No events

Events (1 events):
Event: 0.006 Loaded shared library C:\Software\PyCharm 2021.3\jbr\bin\zip.dll


Dynamic libraries:
0x00007ff745b30000 - 0x00007ff745b3a000 	C:\Software\PyCharm 2021.3\jbr\bin\java.exe
0x00007ffd6d290000 - 0x00007ffd6d485000 	C:\Windows\SYSTEM32\ntdll.dll
0x00007ffd6bf10000 - 0x00007ffd6bfce000 	C:\Windows\System32\KERNEL32.DLL
0x00007ffd6ae90000 - 0x00007ffd6b158000 	C:\Windows\System32\KERNELBASE.dll
0x00007ffd6aa10000 - 0x00007ffd6ab10000 	C:\Windows\System32\ucrtbase.dll
0x00007ffd36e70000 - 0x00007ffd36e89000 	C:\Software\PyCharm 2021.3\jbr\bin\jli.dll
0x00007ffd36c00000 - 0x00007ffd36c17000 	C:\Software\PyCharm 2021.3\jbr\bin\VCRUNTIME140.dll
0x00007ffd6b2e0000 - 0x00007ffd6b481000 	C:\Windows\System32\USER32.dll
0x00007ffd6ad50000 - 0x00007ffd6ad72000 	C:\Windows\System32\win32u.dll
0x00007ffd51790000 - 0x00007ffd51a2a000 	C:\Windows\WinSxS\amd64_microsoft.windows.common-controls_6595b64144ccf1df_6.0.19041.1110_none_60b5254171f9507e\COMCTL32.dll
0x00007ffd6baf0000 - 0x00007ffd6bb1b000 	C:\Windows\System32\GDI32.dll
0x00007ffd6bd50000 - 0x00007ffd6bdee000 	C:\Windows\System32\msvcrt.dll
0x00007ffd6ad80000 - 0x00007ffd6ae8b000 	C:\Windows\System32\gdi32full.dll
0x00007ffd6b160000 - 0x00007ffd6b1fd000 	C:\Windows\System32\msvcp_win.dll
0x00007ffd6c5c0000 - 0x00007ffd6c5f0000 	C:\Windows\System32\IMM32.DLL
0x00007ffd25b50000 - 0x00007ffd25bed000 	C:\Software\PyCharm 2021.3\jbr\bin\msvcp140.dll
0x00007ffd2a1b0000 - 0x00007ffd2ad26000 	C:\Software\PyCharm 2021.3\jbr\bin\server\jvm.dll
0x00007ffd6b5c0000 - 0x00007ffd6b66c000 	C:\Windows\System32\ADVAPI32.dll
0x00007ffd6c5f0000 - 0x00007ffd6c68b000 	C:\Windows\System32\sechost.dll
0x00007ffd6b490000 - 0x00007ffd6b5ba000 	C:\Windows\System32\RPCRT4.dll
0x00007ffd6c120000 - 0x00007ffd6c128000 	C:\Windows\System32\PSAPI.DLL
0x00007ffd4be40000 - 0x00007ffd4be67000 	C:\Windows\SYSTEM32\WINMM.dll
0x00007ffd697f0000 - 0x00007ffd697fa000 	C:\Windows\SYSTEM32\VERSION.dll
0x00007ffd4ca20000 - 0x00007ffd4ca29000 	C:\Windows\SYSTEM32\WSOCK32.dll
0x00007ffd6bfd0000 - 0x00007ffd6c03b000 	C:\Windows\System32\WS2_32.dll
0x00007ffd697b0000 - 0x00007ffd697c2000 	C:\Windows\SYSTEM32\kernel.appcore.dll
0x00007ffd5fd10000 - 0x00007ffd5fd21000 	C:\Software\PyCharm 2021.3\jbr\bin\verify.dll
0x00007ffd686d0000 - 0x00007ffd688b4000 	C:\Windows\SYSTEM32\DBGHELP.DLL
0x00007ffd535e0000 - 0x00007ffd5360c000 	C:\Windows\SYSTEM32\dbgcore.DLL
0x00007ffd6b250000 - 0x00007ffd6b2d3000 	C:\Windows\System32\bcryptPrimitives.dll
0x00007ffd3df30000 - 0x00007ffd3df59000 	C:\Software\PyCharm 2021.3\jbr\bin\java.dll
0x00007ffd64ce0000 - 0x00007ffd64ceb000 	C:\Software\PyCharm 2021.3\jbr\bin\jimage.dll
0x00007ffd5fce0000 - 0x00007ffd5fcf8000 	C:\Software\PyCharm 2021.3\jbr\bin\zip.dll

dbghelp: loaded successfully - version: 4.0.5 - missing functions: none
symbol engine: initialized successfully - sym options: 0x614 - pdb path: .;C:\Software\PyCharm 2021.3\jbr\bin;C:\Windows\SYSTEM32;C:\Windows\WinSxS\amd64_microsoft.windows.common-controls_6595b64144ccf1df_6.0.19041.1110_none_60b5254171f9507e;C:\Software\PyCharm 2021.3\jbr\bin\server

VM Arguments:
java_command: git4idea.http.GitAskPassApp Username for 'https://github.com': 
java_class_path (initial): C:/Software/PyCharm 2021.3/plugins/git4idea/lib/git4idea-rt.jar;C:/Software/PyCharm 2021.3/lib/3rd-party.jar;C:/Software/PyCharm 2021.3/lib/3rd-party-rt.jar
Launcher Type: SUN_STANDARD

[Global flags]
     intx CICompilerCount                          = 4                                         {product} {ergonomic}
     uint ConcGCThreads                            = 2                                         {product} {ergonomic}
     uint G1ConcRefinementThreads                  = 8                                         {product} {ergonomic}
   size_t G1HeapRegionSize                         = 1048576                                   {product} {ergonomic}
    uintx GCDrainStackTargetSize                   = 64                                        {product} {ergonomic}
   size_t InitialHeapSize                          = 264241152                                 {product} {ergonomic}
   size_t MarkStackSize                            = 4194304                                   {product} {ergonomic}
   size_t MaxHeapSize                              = 4225761280                                {product} {ergonomic}
   size_t MinHeapDeltaBytes                        = 1048576                                   {product} {ergonomic}
    uintx NonNMethodCodeHeapSize                   = 5836300                                {pd product} {ergonomic}
    uintx NonProfiledCodeHeapSize                  = 122910970                              {pd product} {ergonomic}
    uintx ProfiledCodeHeapSize                     = 122910970                              {pd product} {ergonomic}
    uintx ReservedCodeCacheSize                    = 251658240                              {pd product} {ergonomic}
     bool SegmentedCodeCache                       = true                                      {product} {ergonomic}
     bool UseCompressedClassPointers               = true                                 {lp64_product} {ergonomic}
     bool UseCompressedOops                        = true                                 {lp64_product} {ergonomic}
     bool UseG1GC                                  = true                                      {product} {ergonomic}
     bool UseLargePagesIndividualAllocation        = false                                  {pd product} {ergonomic}

Logging:
Log output configuration:
 #0: stdout all=warning uptime,level,tags
 #1: stderr all=off uptime,level,tags

Environment Variables:
PATH=C:\Program Files\Git\mingw64\libexec\git-core;C:\Program Files\Git\mingw64\libexec\git-core;C:\Program Files\Git\mingw64\bin;C:\Program Files\Git\usr\bin;C:\Users\Syed Hossain\bin;C:\Program Files\NVIDIA GPU Computing Toolkit\CUDA\v10.1\bin;C:\Program Files\NVIDIA GPU Computing Toolkit\CUDA\v10.1\libnvvp;C:\Software\anaconda3\Scripts;C:\Software\anaconda3;C:\Software\anaconda3\Library\bin;C:\Windows\system32;C:\Windows;C:\Windows\System32\Wbem;C:\Windows\System32\WindowsPowerShell\v1.0;C:\Windows\System32\OpenSSH;C:\Program Files\Git\cmd;C:\Program Files\Graphviz\bin;C:\Program Files\NVIDIA Corporation\Nsight Compute 2019.1;C:\Program Files (x86)\NVIDIA Corporation\PhysX\Common;C:\Software\Python\Scripts;C:\Software\Python;C:\Software\anaconda3;C:\Software\anaconda3\Library\mingw-w64\bin;C:\Software\anaconda3\Library\usr\bin;C:\Software\anaconda3\Library\bin;C:\Software\anaconda3\Scripts;C:\Software\Miniconda;C:\Software\Miniconda\Scripts;C:\Users\Syed Hossain\AppData\Local\Microsoft\WindowsApps;C:\Software\PyCharm Community Edition 2021.2.2\bin;C:\ProgramData\Syed Hossain\GitHubDesktop\bin;C:\Software\PyCharm 2021.3\bin
USERNAME=Syed Hossain
DISPLAY=:0.0
LC_ALL=en_US.UTF-8
OS=Windows_NT
PROCESSOR_IDENTIFIER=Intel64 Family 6 Model 140 Stepping 1, GenuineIntel



---------------  S Y S T E M  ---------------

OS: Windows 10 , 64 bit Build 19041 (10.0.19041.1348)
OS uptime: 0 days 4:16 hours

CPU:total 8 (initial active 8) (4 cores per cpu, 2 threads per core) family 6 model 140 stepping 1 microcode 0x86, cmov, cx8, fxsr, mmx, sse, sse2, sse3, ssse3, sse4.1, sse4.2, popcnt, avx, avx2, aes, clmul, erms, 3dnowpref, lzcnt, ht, tsc, tscinvbit, bmi1, bmi2, adx, evex, sha, fma

Memory: 4k page, system-wide physical 16113M (1043M free)
TotalPageFile size 46294M (AvailPageFile size 50M)
current process WorkingSet (physical memory assigned to process): 10M, peak: 10M
current process commit charge ("private bytes"): 60M, peak: 312M

vm_info: OpenJDK 64-Bit Server VM (11.0.13+7-b1751.19) for windows-amd64 JRE (11.0.13+7-b1751.19), built on Nov  9 2021 11:31:28 by "" with MS VC++ 14.0 (VS2015)

END.
